<?xml version="1.0" encoding="UTF-8"?>
<!-- Generated by org.testng.reporters.JUnitReportReporter -->
<testsuite hostname="LAPTOP-7J4ARULE" failures="0" tests="1" name="Apptest" time="7.455" errors="0" timestamp="2024-03-26T19:28:05 IST" skipped="0">
  <testcase classname="Apptest" name="runTest" time="7.455"/>
</testsuite> <!-- Apptest -->
